Build started 12/28/2015 10:32:56 PM.
     1>Project "C:\Chromodo\ChromodoPreloader\ChromodoPreloader.vcxproj" on node 2 (Build target(s)).
     1>ClCompile:
         C:\Program Files (x86)\Microsoft Visual Studio 14.0\VC\bin\CL.exe /c /I..\RegistryClass\Release /Zi /nologo /W3 /WX- /O2 /Oy- /D WIN32 /D NDEBUG /D _WINDOWS /D _VC80_UPGRADE=0x0600 /D _UNICODE /D UNICODE /D _AFXDLL /GF /Gm- /EHsc /MD /GS /Gy /fp:precise /Zc:wchar_t /Zc:forScope /Zc:inline /Yc"stdafx.h" /Fp".\Release\ChromodoPreloader.pch" /Fo".\Release\\" /Fd".\Release\vc140.pdb" /Gd /TP /analyze- /errorReport:prompt StdAfx.cpp
         StdAfx.cpp
         C:\Program Files (x86)\Microsoft Visual Studio 14.0\VC\bin\CL.exe /c /I..\RegistryClass\Release /Zi /nologo /W3 /WX- /O2 /Oy- /D WIN32 /D NDEBUG /D _WINDOWS /D _VC80_UPGRADE=0x0600 /D _UNICODE /D UNICODE /D _AFXDLL /GF /Gm- /EHsc /MD /GS /Gy /fp:precise /Zc:wchar_t /Zc:forScope /Zc:inline /Yu"stdafx.h" /Fp".\Release\ChromodoPreloader.pch" /Fo".\Release\\" /Fd".\Release\vc140.pdb" /Gd /TP /analyze- /errorReport:prompt AboutDlg.cpp DefaultDlg.cpp FileVersionInfo.cpp ChromodoPreloader.cpp Helpers.cpp OptionsDlg.cpp processes.cpp
         AboutDlg.cpp
         DefaultDlg.cpp
         FileVersionInfo.cpp
         ChromodoPreloader.cpp
         Helpers.cpp
     1>Helpers.cpp(162): warning C4477: 'swscanf' : format string '%f' requires an argument of type 'float *', but variadic argument 1 has type 'int'
     1>Helpers.cpp(162): warning C4996: 'swscanf': This function or variable may be unsafe. Consider using swscanf_s instead. To disable deprecation, use _CRT_SECURE_NO_WARNINGS. See online help for details.
         C:\Program Files (x86)\Windows Kits\10\Include\10.0.10150.0\ucrt\corecrt_wstdio.h(2037): note: see declaration of 'swscanf'
         OptionsDlg.cpp
         processes.cpp
         Generating Code...
       ResourceCompile:
         C:\Program Files (x86)\Windows Kits\8.1\bin\x86\rc.exe /D NDEBUG /D _VC80_UPGRADE=0x0600 /D _UNICODE /D UNICODE /D _AFXDLL /l"0x0409" /nologo /fo".\Release\ChromodoPreloader.res" ChromodoPreloader.rc 
       Link:
         C:\Program Files (x86)\Microsoft Visual Studio 14.0\VC\bin\link.exe /ERRORREPORT:PROMPT /OUT:".\Release\ChromodoPreloader.exe" /INCREMENTAL:NO /NOLOGO /LIBPATH:..\RegistryClass\Release version.lib strsafe.lib /MANIFEST /MANIFESTUAC:"level='asInvoker' uiAccess='false'" /manifest:embed /manifestinput:"C:\Program Files (x86)\Microsoft Visual Studio 14.0\VC\Include\Manifest\dpiaware.manifest" /DEBUG /PDB:".\Release\ChromodoPreloader.pdb" /SUBSYSTEM:WINDOWS /TLBID:1 /ENTRY:"wWinMainCRTStartup" /DYNAMICBASE /NXCOMPAT /IMPLIB:".\Release\ChromodoPreloader.lib" /MACHINE:X86 /SAFESEH .\Release\ChromodoPreloader.res
         .\Release\AboutDlg.obj
         .\Release\DefaultDlg.obj
         .\Release\FileVersionInfo.obj
         .\Release\ChromodoPreloader.obj
         .\Release\Helpers.obj
         .\Release\OptionsDlg.obj
         .\Release\processes.obj
         .\Release\StdAfx.obj
         ..\..\RegistryClass\Release\regclassu.lib
            Creating library .\Release\ChromodoPreloader.lib and object .\Release\ChromodoPreloader.exp
         ChromodoPreloader.vcxproj -> C:\Chromodo\ChromodoPreloader\.\Release\ChromodoPreloader.exe
       PostBuildEvent:
         copy ..\RegistryClass\Release\regclass.dll .\Release\
         CScript autover.js -n NextBuildNumber.txt -o autover.h
         :VCEnd
         The system cannot find the file specified.
         Microsoft (R) Windows Script Host Version 5.812
         Copyright (C) Microsoft Corporation. All rights reserved.
         
         AutoVer Script version 1.0 revision 10
         ===============================================================================
         Input File: NextBuildNumber.txt    Output File: autover.h
         Currnet Build: 1
         New Build:     2
     1>Done Building Project "C:\Chromodo\ChromodoPreloader\ChromodoPreloader.vcxproj" (Build target(s)).

Build succeeded.

Time Elapsed 00:00:04.22
